RXSDK/RXSDK-Android/rxsdk_gaode/build/intermediates/manifest_merge_blame_file/debug/manifest-merger-blame-debug-report.txt
1<?xml version="1.0" encoding="utf-8"?>
2<manifest xmlns:android="http://schemas.android.com/apk/res/android"
3    xmlns:tools="http://schemas.android.com/tools"
4    package="com.ruixue.gaode" >
5
6    <uses-sdk android:minSdkVersion="21" />
6-->src/main/AndroidManifest.xml
7    <!-- Normal Permissions 不需要运行时注册 -->
8    <!-- 获取运营商信息，用于支持提供运营商信息相关的接口 -->
9    <uses-permission android:name="android.permission.ACCESS_NETWORK_STATE" />
9-->src/main/AndroidManifest.xml:7:5-79
9-->src/main/AndroidManifest.xml:7:22-76
10    <!-- 用于访问wifi网络信息，wifi信息会用于进行网络定位 -->
11    <uses-permission android:name="android.permission.ACCESS_WIFI_STATE" />
11-->src/main/AndroidManifest.xml:9:5-76
11-->src/main/AndroidManifest.xml:9:22-73
12    <!-- 这个权限用于获取wifi的获取权限，wifi信息会用来进行网络定位 -->
13    <uses-permission android:name="android.permission.CHANGE_WIFI_STATE" />
13-->src/main/AndroidManifest.xml:11:5-76
13-->src/main/AndroidManifest.xml:11:22-73
14    <uses-permission
14-->src/main/AndroidManifest.xml:12:5-13:47
15        android:name="android.permission.CHANGE_CONFIGURATION"
15-->src/main/AndroidManifest.xml:12:22-76
16        tools:ignore="ProtectedPermissions" />
16-->src/main/AndroidManifest.xml:13:9-44
17
18    <!-- 请求网络 -->
19    <uses-permission android:name="android.permission.INTERNET" />
19-->src/main/AndroidManifest.xml:16:5-67
19-->src/main/AndroidManifest.xml:16:22-64
20
21    <!-- 不是SDK需要的权限，是示例中的后台唤醒定位需要的权限 -->
22    <uses-permission android:name="android.permission.WAKE_LOCK" />
22-->src/main/AndroidManifest.xml:19:5-68
22-->src/main/AndroidManifest.xml:19:22-65
23
24    <!-- 需要运行时注册的权限 -->
25    <!-- 用于进行网络定位 -->
26    <uses-permission android:name="android.permission.ACCESS_COARSE_LOCATION" />
26-->src/main/AndroidManifest.xml:23:5-81
26-->src/main/AndroidManifest.xml:23:22-78
27    <!-- 用于访问GPS定位 -->
28    <uses-permission android:name="android.permission.ACCESS_FINE_LOCATION" />
28-->src/main/AndroidManifest.xml:25:5-79
28-->src/main/AndroidManifest.xml:25:22-76
29    <!-- 用于提高GPS定位速度 -->
30    <uses-permission android:name="android.permission.ACCESS_LOCATION_EXTRA_COMMANDS" />
30-->src/main/AndroidManifest.xml:27:5-89
30-->src/main/AndroidManifest.xml:27:22-86
31    <!-- 写入扩展存储，向扩展卡写入数据，用于写入缓存定位数据 -->
32    <uses-permission android:name="android.permission.WRITE_EXTERNAL_STORAGE" />
32-->src/main/AndroidManifest.xml:29:5-81
32-->src/main/AndroidManifest.xml:29:22-78
33    <!-- 读取缓存数据 -->
34    <uses-permission android:name="android.permission.READ_EXTERNAL_STORAGE" />
34-->src/main/AndroidManifest.xml:31:5-80
34-->src/main/AndroidManifest.xml:31:22-77
35
36    <!-- 用于读取手机当前的状态 -->
37    <uses-permission android:name="android.permission.READ_PHONE_STATE" />
37-->src/main/AndroidManifest.xml:34:5-75
37-->src/main/AndroidManifest.xml:34:22-72
38
39    <!-- 更改设置 -->
40    <uses-permission
40-->src/main/AndroidManifest.xml:37:5-38:47
41        android:name="android.permission.WRITE_SETTINGS"
41-->src/main/AndroidManifest.xml:37:22-70
42        tools:ignore="ProtectedPermissions" />
42-->src/main/AndroidManifest.xml:38:9-44
43
44    <!-- 如果设置了target >= 28 如果需要启动后台定位则必须声明这个权限 -->
45    <uses-permission android:name="android.permission.FOREGROUND_SERVICE" />
45-->src/main/AndroidManifest.xml:41:5-77
45-->src/main/AndroidManifest.xml:41:22-74
46    <!-- 如果您的应用需要后台定位权限，且有可能运行在Android Q设备上,并且设置了target>28，必须增加这个权限声明 -->
47    <uses-permission android:name="android.permission.ACCESS_BACKGROUND_LOCATION" />
47-->src/main/AndroidManifest.xml:43:5-85
47-->src/main/AndroidManifest.xml:43:22-82
48
49    <application>
49-->src/main/AndroidManifest.xml:44:5-55:19
50
51        <!-- android:value="请输入com.amap.api.v2.apikey您的用户Key value值" /> -->
52        <!-- <meta-data -->
53        <!-- android:name="com.amap.api.v2.apikey" -->
54        <!-- android:value="2642d735325ae5de2d00328104fbb8ce" /> -->
55
56
57        <!-- 定位需要的服务 适配Android Q需要加上android:foregroundServiceType="location" -->
58        <service
58-->src/main/AndroidManifest.xml:52:9-54:56
59            android:name="com.amap.api.location.APSService"
59-->src/main/AndroidManifest.xml:53:13-60
60            android:foregroundServiceType="location" />
60-->src/main/AndroidManifest.xml:54:13-53
61    </application>
62
63</manifest>